<?xml version="1.0" encoding="UTF-8"?>
<testsuites name="Mocha Tests" time="106.879" tests="5" failures="3">
  <testsuite name="Root Suite" timestamp="2025-02-04T19:56:29" tests="0" file="cypress\e2e\1-getting-started\pagina_execucao\02-comunicados.cy.js" time="0.000" failures="0">
  </testsuite>
  <testsuite name="COMUNICADOS" timestamp="2025-02-04T19:56:29" tests="5" time="106.873" failures="3">
    <testcase name="COMUNICADOS 2.1 - PREENCHE TODOS OS CAMPOS OBRIGATÓRIOS E ENVIA O COMUNICADO COM SUCESSO" time="0.000" classname="2.1 - PREENCHE TODOS OS CAMPOS OBRIGATÓRIOS E ENVIA O COMUNICADO COM SUCESSO">
      <failure message="Timed out retrying after 15000ms: Expected to find element: `#ngb-panel-1 &gt; .accordion-body &gt; .accordion-content &gt; .pl-8 &gt; :nth-child(1) &gt; .ng-tns-c1427940433-14 &gt; :nth-child(1) &gt; app-filter-dropdown &gt; .position-relative &gt; .dropdown-container &gt; .dropdown-content &gt; .dropdown-content-value`, but never found it." type="AssertionError"><![CDATA[AssertionError: Timed out retrying after 15000ms: Expected to find element: `#ngb-panel-1 > .accordion-body > .accordion-content > .pl-8 > :nth-child(1) > .ng-tns-c1427940433-14 > :nth-child(1) > app-filter-dropdown > .position-relative > .dropdown-container > .dropdown-content > .dropdown-content-value`, but never found it.
    at Metodos.selecionarOpcaoPorDepartamento (webpack://cypress/./cypress/e2e/1-getting-started/pagina_acao/metodos.js:124:13)
    at Context.eval (webpack://cypress/./cypress/e2e/1-getting-started/pagina_execucao/02-comunicados.cy.js:79:16)]]></failure>
    </testcase>
    <testcase name="COMUNICADOS 2.2 - TENTAR ENVIAR COMUNICADO SEM SELECIONAR UM DEPARTAMENTO OU REALIZAR O UPLOAD DE UMA IMAGEM DE CAPA COM FORMATOS VÁLIDOS (PNG, JPEG, JPG)" time="17.037" classname="2.2 - TENTAR ENVIAR COMUNICADO SEM SELECIONAR UM DEPARTAMENTO OU REALIZAR O UPLOAD DE UMA IMAGEM DE CAPA COM FORMATOS VÁLIDOS (PNG, JPEG, JPG)">
    </testcase>
    <testcase name="COMUNICADOS 2.3 - VERIFICAR A FUNCIONALIDADE DO BOTÃO DE FECHAR E EXPANDIR A CAIXA DE CONTEÚDO E VALIDAR SE A CAIXA SE ADAPTA CORRETAMENTE AO SER FECHADA OU EXPANDIDA" time="9.953" classname="2.3 - VERIFICAR A FUNCIONALIDADE DO BOTÃO DE FECHAR E EXPANDIR A CAIXA DE CONTEÚDO E VALIDAR SE A CAIXA SE ADAPTA CORRETAMENTE AO SER FECHADA OU EXPANDIDA">
    </testcase>
    <testcase name="COMUNICADOS 2.4 - SELECIONAR UM DEPARTAMENTO E VALIDAR SE A SELEÇÃO É REGISTRADA CORRETAMENTE" time="0.000" classname="2.4 - SELECIONAR UM DEPARTAMENTO E VALIDAR SE A SELEÇÃO É REGISTRADA CORRETAMENTE">
      <failure message="Timed out retrying after 15000ms: Expected to find element: `#ngb-panel-1 &gt; .accordion-body &gt; .accordion-content &gt; .pl-8 &gt; :nth-child(1) &gt; .ng-tns-c1427940433-14 &gt; :nth-child(1) &gt; app-filter-dropdown &gt; .position-relative &gt; .dropdown-container &gt; .dropdown-content &gt; .dropdown-content-value`, but never found it." type="AssertionError"><![CDATA[AssertionError: Timed out retrying after 15000ms: Expected to find element: `#ngb-panel-1 > .accordion-body > .accordion-content > .pl-8 > :nth-child(1) > .ng-tns-c1427940433-14 > :nth-child(1) > app-filter-dropdown > .position-relative > .dropdown-container > .dropdown-content > .dropdown-content-value`, but never found it.
    at Metodos.selecionarOpcaoPorDepartamento (webpack://cypress/./cypress/e2e/1-getting-started/pagina_acao/metodos.js:124:13)
    at Context.eval (webpack://cypress/./cypress/e2e/1-getting-started/pagina_execucao/02-comunicados.cy.js:120:16)]]></failure>
    </testcase>
    <testcase name="COMUNICADOS 2.5 - SELECIONAR TODOS OS DEPARTAMENTOS E VALIDAR SE AS SELEÇÕES ESTÃO REGISTRADAS CORRETAMENTE" time="0.000" classname="2.5 - SELECIONAR TODOS OS DEPARTAMENTOS E VALIDAR SE AS SELEÇÕES ESTÃO REGISTRADAS CORRETAMENTE">
      <failure message="Timed out retrying after 20000ms: Expected to find element: `#ngb-panel-1 &gt; .accordion-body &gt; .accordion-content &gt; .pl-8 &gt; :nth-child(1) &gt; .ng-tns-c1427940433-14 &gt; :nth-child(1) &gt; app-filter-dropdown &gt; .position-relative &gt; .dropdown-container &gt; .dropdown-content &gt; .dropdown-content-value`, but never found it." type="AssertionError"><![CDATA[AssertionError: Timed out retrying after 20000ms: Expected to find element: `#ngb-panel-1 > .accordion-body > .accordion-content > .pl-8 > :nth-child(1) > .ng-tns-c1427940433-14 > :nth-child(1) > app-filter-dropdown > .position-relative > .dropdown-container > .dropdown-content > .dropdown-content-value`, but never found it.
    at Metodos.clicar (webpack://cypress/./cypress/e2e/1-getting-started/pagina_acao/metodos.js:23:11)
    at Context.eval (webpack://cypress/./cypress/e2e/1-getting-started/pagina_execucao/02-comunicados.cy.js:126:16)]]></failure>
    </testcase>
  </testsuite>
</testsuites>