<?xml version="1.0" encoding="UTF-8"?>
<testsuites name="Mocha Tests" time="118.319" tests="5" failures="1">
  <testsuite name="Root Suite" timestamp="2025-02-04T19:52:53" tests="0" file="cypress\e2e\1-getting-started\pagina_execucao\03-comunicados.cy.js" time="0.000" failures="0">
  </testsuite>
  <testsuite name="COMUNICADOS" timestamp="2025-02-04T19:52:53" tests="5" time="118.312" failures="1">
    <testcase name="COMUNICADOS 3.2 - REALIZAR UPLOAD DE IMAGEM DE CAPA COM TAMANHO SUPERIOR A 2MB E VERIFICAR AS DIMENSÕES MÍNIMAS RECOMENDADAS PARA A IMAGEM DE CAPA" time="0.000" classname="3.2 - REALIZAR UPLOAD DE IMAGEM DE CAPA COM TAMANHO SUPERIOR A 2MB E VERIFICAR AS DIMENSÕES MÍNIMAS RECOMENDADAS PARA A IMAGEM DE CAPA">
      <failure message="Timed out retrying after 20000ms: Expected to find element: `#ngb-panel-1-header &gt; .justify-content-between &gt; .actions &gt; .btn-action &gt; .m-0`, but never found it." type="AssertionError"><![CDATA[AssertionError: Timed out retrying after 20000ms: Expected to find element: `#ngb-panel-1-header > .justify-content-between > .actions > .btn-action > .m-0`, but never found it.
    at Metodos.clicar (webpack://cypress/./cypress/e2e/1-getting-started/pagina_acao/metodos.js:23:11)
    at Context.eval (webpack://cypress/./cypress/e2e/1-getting-started/pagina_execucao/03-comunicados.cy.js:72:16)]]></failure>
    </testcase>
    <testcase name="COMUNICADOS 3.3 - INSERIR UM TÍTULO DO COMUNICADO COM MAIS DE 100 CARACTERES E VERIFICAR MENSAGEM DE ERRO, ALÉM DE VALIDAR A CONTAGEM DE CARACTERES VISÍVEL NO CAMPO DE CONTEÚDO DO COMUNICADO" time="13.025" classname="3.3 - INSERIR UM TÍTULO DO COMUNICADO COM MAIS DE 100 CARACTERES E VERIFICAR MENSAGEM DE ERRO, ALÉM DE VALIDAR A CONTAGEM DE CARACTERES VISÍVEL NO CAMPO DE CONTEÚDO DO COMUNICADO">
    </testcase>
    <testcase name="COMUNICADOS 3.4 -  INSERIR CONTEÚDO DO COMUNICADO COM MAIS DE 2000 CARACTERES E VERIFICAR MENSAGEM DE ERRO" time="53.628" classname="3.4 -  INSERIR CONTEÚDO DO COMUNICADO COM MAIS DE 2000 CARACTERES E VERIFICAR MENSAGEM DE ERRO">
    </testcase>
    <testcase name="COMUNICADOS 3.5 - REALIZAR MÚLTIPLOS UPLOADS DE ANEXOS E VERIFICAR SE TODOS SÃO REGISTRADOS CORRETAMENTE" time="9.909" classname="3.5 - REALIZAR MÚLTIPLOS UPLOADS DE ANEXOS E VERIFICAR SE TODOS SÃO REGISTRADOS CORRETAMENTE">
    </testcase>
    <testcase name="COMUNICADOS 3.6 - TENTAR ANEXAR ARQUIVOS COM FORMATOS INVÁLIDOS E VERIFICAR MENSAGENS DE ERRO" time="10.760" classname="3.6 - TENTAR ANEXAR ARQUIVOS COM FORMATOS INVÁLIDOS E VERIFICAR MENSAGENS DE ERRO">
    </testcase>
  </testsuite>
</testsuites>