<?xml version="1.0" encoding="UTF-8"?>
<testsuites name="Mocha Tests" time="131.964" tests="5" failures="4">
  <testsuite name="Root Suite" timestamp="2025-02-04T20:19:50" tests="0" file="cypress\e2e\1-getting-started\pagina_execucao\02-comunicados.cy.js" time="0.000" failures="0">
  </testsuite>
  <testsuite name="COMUNICADOS" timestamp="2025-02-04T20:19:50" tests="5" time="131.953" failures="4">
    <testcase name="COMUNICADOS 2.1 - PREENCHE TODOS OS CAMPOS OBRIGATÓRIOS E ENVIA O COMUNICADO COM SUCESSO" time="0.000" classname="2.1 - PREENCHE TODOS OS CAMPOS OBRIGATÓRIOS E ENVIA O COMUNICADO COM SUCESSO">
      <failure message="Timed out retrying after 15000ms: Expected to find element: `#ngb-panel-1 &gt; .accordion-body &gt; .accordion-content &gt; .pl-8 &gt; :nth-child(1) &gt; .ng-tns-c1427940433-14 &gt; :nth-child(1) &gt; app-filter-dropdown &gt; .position-relative &gt; .dropdown-container &gt; .dropdown-content &gt; .dropdown-content-value`, but never found it." type="AssertionError"><![CDATA[AssertionError: Timed out retrying after 15000ms: Expected to find element: `#ngb-panel-1 > .accordion-body > .accordion-content > .pl-8 > :nth-child(1) > .ng-tns-c1427940433-14 > :nth-child(1) > app-filter-dropdown > .position-relative > .dropdown-container > .dropdown-content > .dropdown-content-value`, but never found it.
    at Metodos.selecionarOpcaoPorDepartamento (webpack://cypress/./cypress/e2e/1-getting-started/pagina_acao/metodos.js:124:13)
    at Context.eval (webpack://cypress/./cypress/e2e/1-getting-started/pagina_execucao/02-comunicados.cy.js:79:16)]]></failure>
    </testcase>
    <testcase name="COMUNICADOS 2.2 - TENTAR ENVIAR COMUNICADO SEM SELECIONAR UM DEPARTAMENTO OU REALIZAR O UPLOAD DE UMA IMAGEM DE CAPA COM FORMATOS VÁLIDOS (PNG, JPEG, JPG)" time="0.000" classname="2.2 - TENTAR ENVIAR COMUNICADO SEM SELECIONAR UM DEPARTAMENTO OU REALIZAR O UPLOAD DE UMA IMAGEM DE CAPA COM FORMATOS VÁLIDOS (PNG, JPEG, JPG)">
      <failure message="Esperado que o texto &quot;Carregando imagem&quot; inclua &quot;Sucesso ao salvar imagem de capa&quot;: expected false to be true" type="AssertionError"><![CDATA[AssertionError: Esperado que o texto "Carregando imagem" inclua "Sucesso ao salvar imagem de capa": expected false to be true
    at captureUserInvocationStack (https://dev.radar.farmarcas.com.br/__cypress/runner/cypress_runner.js:138199:94)
    at Assertion.assert (https://dev.radar.farmarcas.com.br/__cypress/runner/cypress_runner.js:138227:9)
    at Assertion.<anonymous> (https://dev.radar.farmarcas.com.br/__cypress/runner/cypress_runner.js:79458:10)
    at Assertion.propertyGetter (https://dev.radar.farmarcas.com.br/__cypress/runner/cypress_runner.js:77567:29)
    at Object.proxyGetter [as get] (https://dev.radar.farmarcas.com.br/__cypress/runner/cypress_runner.js:77851:22)
    at Context.eval (webpack://cypress/./cypress/e2e/1-getting-started/pagina_acao/metodos.js:35:24)
    at getRet (https://dev.radar.farmarcas.com.br/__cypress/runner/cypress_runner.js:118320:20)
    at tryCatcher (https://dev.radar.farmarcas.com.br/__cypress/runner/cypress_runner.js:1777:23)
    at Promise.attempt.Promise.try (https://dev.radar.farmarcas.com.br/__cypress/runner/cypress_runner.js:4285:29)
    at Context.thenFn (https://dev.radar.farmarcas.com.br/__cypress/runner/cypress_runner.js:118331:66)]]></failure>
    </testcase>
    <testcase name="COMUNICADOS 2.3 - VERIFICAR A FUNCIONALIDADE DO BOTÃO DE FECHAR E EXPANDIR A CAIXA DE CONTEÚDO E VALIDAR SE A CAIXA SE ADAPTA CORRETAMENTE AO SER FECHADA OU EXPANDIDA" time="14.317" classname="2.3 - VERIFICAR A FUNCIONALIDADE DO BOTÃO DE FECHAR E EXPANDIR A CAIXA DE CONTEÚDO E VALIDAR SE A CAIXA SE ADAPTA CORRETAMENTE AO SER FECHADA OU EXPANDIDA">
    </testcase>
    <testcase name="COMUNICADOS 2.4 - SELECIONAR UM DEPARTAMENTO E VALIDAR SE A SELEÇÃO É REGISTRADA CORRETAMENTE" time="0.000" classname="2.4 - SELECIONAR UM DEPARTAMENTO E VALIDAR SE A SELEÇÃO É REGISTRADA CORRETAMENTE">
      <failure message="Timed out retrying after 15000ms: Expected to find element: `#ngb-panel-1 &gt; .accordion-body &gt; .accordion-content &gt; .pl-8 &gt; :nth-child(1) &gt; .ng-tns-c1427940433-14 &gt; :nth-child(1) &gt; app-filter-dropdown &gt; .position-relative &gt; .dropdown-container &gt; .dropdown-content &gt; .dropdown-content-value`, but never found it." type="AssertionError"><![CDATA[AssertionError: Timed out retrying after 15000ms: Expected to find element: `#ngb-panel-1 > .accordion-body > .accordion-content > .pl-8 > :nth-child(1) > .ng-tns-c1427940433-14 > :nth-child(1) > app-filter-dropdown > .position-relative > .dropdown-container > .dropdown-content > .dropdown-content-value`, but never found it.
    at Metodos.selecionarOpcaoPorDepartamento (webpack://cypress/./cypress/e2e/1-getting-started/pagina_acao/metodos.js:124:13)
    at Context.eval (webpack://cypress/./cypress/e2e/1-getting-started/pagina_execucao/02-comunicados.cy.js:120:16)]]></failure>
    </testcase>
    <testcase name="COMUNICADOS 2.5 - SELECIONAR TODOS OS DEPARTAMENTOS E VALIDAR SE AS SELEÇÕES ESTÃO REGISTRADAS CORRETAMENTE" time="0.000" classname="2.5 - SELECIONAR TODOS OS DEPARTAMENTOS E VALIDAR SE AS SELEÇÕES ESTÃO REGISTRADAS CORRETAMENTE">
      <failure message="Timed out retrying after 20000ms: Expected to find element: `#ngb-panel-1 &gt; .accordion-body &gt; .accordion-content &gt; .pl-8 &gt; :nth-child(1) &gt; .ng-tns-c1427940433-14 &gt; :nth-child(1) &gt; app-filter-dropdown &gt; .position-relative &gt; .dropdown-container &gt; .dropdown-content &gt; .dropdown-content-value`, but never found it." type="AssertionError"><![CDATA[AssertionError: Timed out retrying after 20000ms: Expected to find element: `#ngb-panel-1 > .accordion-body > .accordion-content > .pl-8 > :nth-child(1) > .ng-tns-c1427940433-14 > :nth-child(1) > app-filter-dropdown > .position-relative > .dropdown-container > .dropdown-content > .dropdown-content-value`, but never found it.
    at Metodos.clicar (webpack://cypress/./cypress/e2e/1-getting-started/pagina_acao/metodos.js:23:11)
    at Context.eval (webpack://cypress/./cypress/e2e/1-getting-started/pagina_execucao/02-comunicados.cy.js:126:16)]]></failure>
    </testcase>
  </testsuite>
</testsuites>